[INFO 2022-01-26 10:47:24]初始化配置文件, path=D:\API3\APIAutomation-master\Conf\config.ini
[INFO 2022-01-26 10:47:24]执行用例集为：--allure_features=createOrder
[INFO 2022-01-27 16:40:20]初始化配置文件, path=D:\API3\APIAutomation-master\Conf\config.ini
[INFO 2022-01-27 16:40:20]执行用例集为：--allure_features=createOrder
[INFO 2022-01-27 16:41:28]解析yaml, PathD:\API3\APIAutomation-master\Params\Yaml\login3.yml
[INFO 2022-01-27 16:41:51]解析yaml, PathD:\API3\APIAutomation-master\Params\Yaml\login3.yml
[INFO 2022-01-27 16:42:38]解析yaml, PathD:\API3\APIAutomation-master\Params\Yaml\login3.yml
[INFO 2022-01-27 16:42:41]解析yaml, PathD:\API3\APIAutomation-master\Params\Yaml\login3.yml
[INFO 2022-01-27 16:43:29]解析yaml, PathD:\API3\APIAutomation-master\Params\Yaml\login3.yml
[INFO 2022-01-27 16:47:43]解析yaml, PathD:\API3\APIAutomation-master\Params\Yaml\login3.yml
[INFO 2022-01-27 16:48:04]解析yaml, PathD:\API3\APIAutomation-master\Params\Yaml\login3.yml
[INFO 2022-01-27 16:48:12]解析yaml, PathD:\API3\APIAutomation-master\Params\Yaml\login3.yml
[INFO 2022-01-27 16:48:35]解析yaml, PathD:\API3\APIAutomation-master\Params\Yaml\login3.yml
[INFO 2022-01-27 16:49:11]解析yaml, PathD:\API3\APIAutomation-master\Params\Yaml\login3.yml
[INFO 2022-01-27 16:49:17]解析yaml, PathD:\API3\APIAutomation-master\Params\Yaml\login3.yml
[INFO 2022-01-27 16:49:53]解析yaml, PathD:\API3\APIAutomation-master\Params\Yaml\login3.yml
[INFO 2022-01-27 16:50:04]解析yaml, PathD:\API3\APIAutomation-master\Params\Yaml\login3.yml
[INFO 2022-01-27 16:50:14]解析yaml, PathD:\API3\APIAutomation-master\Params\Yaml\login3.yml
[INFO 2022-01-27 16:50:27]解析yaml, PathD:\API3\APIAutomation-master\Params\Yaml\login3.yml
[INFO 2022-01-27 16:50:34]解析yaml, PathD:\API3\APIAutomation-master\Params\Yaml\login3.yml
[INFO 2022-01-27 16:50:42]解析yaml, PathD:\API3\APIAutomation-master\Params\Yaml\login3.yml
[INFO 2022-01-27 16:50:57]解析yaml, PathD:\API3\APIAutomation-master\Params\Yaml\login3.yml
[INFO 2022-01-27 16:52:25]解析yaml, PathD:\API3\APIAutomation-master\Params\Yaml\login3.yml
[INFO 2022-01-27 16:52:59]解析yaml, PathD:\API3\APIAutomation-master\Params\Yaml\login3.yml
[INFO 2022-01-27 17:05:15]解析yaml, PathD:\API3\APIAutomation-master\Params\Yaml\login3.yml
[INFO 2022-01-27 17:05:51]解析yaml, PathD:\API3\APIAutomation-master\Params\Yaml\login3.yml
[INFO 2022-01-27 17:06:44]解析yaml, PathD:\API3\APIAutomation-master\Params\Yaml\login3.yml
[INFO 2022-01-27 17:06:58]解析yaml, PathD:\API3\APIAutomation-master\Params\Yaml\login3.yml
[INFO 2022-01-27 17:10:29]解析yaml, PathD:\API3\APIAutomation-master\Params\Yaml\login3.yml
[INFO 2022-01-27 17:10:42]解析yaml, PathD:\API3\APIAutomation-master\Params\Yaml\login3.yml
[INFO 2022-01-27 17:12:39]解析yaml, PathD:\API3\APIAutomation-master\Params\Yaml\login3.yml
[INFO 2022-01-27 17:12:56]解析yaml, PathD:\API3\APIAutomation-master\Params\Yaml\login3.yml
[INFO 2022-01-27 17:13:56]解析yaml, PathD:\API3\APIAutomation-master\Params\Yaml\login3.yml
[INFO 2022-01-27 17:15:45]解析yaml, PathD:\API3\APIAutomation-master\Params\Yaml\login3.yml
[INFO 2022-01-27 17:16:02]解析yaml, PathD:\API3\APIAutomation-master\Params\Yaml\login3.yml
[INFO 2022-01-27 17:17:31]解析yaml, PathD:\API3\APIAutomation-master\Params\Yaml\login3.yml
[INFO 2022-01-27 17:18:35]解析yaml, PathD:\API3\APIAutomation-master\Params\Yaml\login3.yml
[INFO 2022-01-27 17:18:47]解析yaml, PathD:\API3\APIAutomation-master\Params\Yaml\login3.yml
[INFO 2022-01-27 18:05:10]解析yaml, PathD:\API3\APIAutomation-master\Params\Yaml\login3.yml
[INFO 2022-01-27 18:05:36]解析yaml, PathD:\API3\APIAutomation-master\Params\Yaml\login3.yml
[INFO 2022-01-27 18:05:56]解析yaml, PathD:\API3\APIAutomation-master\Params\Yaml\login3.yml
[INFO 2022-01-27 18:06:16]解析yaml, PathD:\API3\APIAutomation-master\Params\Yaml\login3.yml
[INFO 2022-01-27 18:08:03]解析yaml, PathD:\API3\APIAutomation-master\Params\Yaml\login3.yml
[INFO 2022-01-27 18:08:12]解析yaml, PathD:\API3\APIAutomation-master\Params\Yaml\login3.yml
[INFO 2022-01-27 18:12:21]解析yaml, PathD:\API3\APIAutomation-master\Params\Yaml\login3.yml
[INFO 2022-01-27 18:12:33]解析yaml, PathD:\API3\APIAutomation-master\Params\Yaml\login3.yml
[INFO 2022-01-27 18:13:41]解析yaml, PathD:\API3\APIAutomation-master\Params\Yaml\login3.yml
[INFO 2022-01-27 18:14:33]解析yaml, PathD:\API3\APIAutomation-master\Params\Yaml\login3.yml
[INFO 2022-01-27 18:16:57]解析yaml, PathD:\API3\APIAutomation-master\Params\Yaml\login3.yml
[INFO 2022-01-27 18:18:21]解析yaml, PathD:\API3\APIAutomation-master\Params\Yaml\login3.yml
[INFO 2022-01-27 18:18:35]解析yaml, PathD:\API3\APIAutomation-master\Params\Yaml\login3.yml
[INFO 2022-01-27 18:18:44]解析yaml, PathD:\API3\APIAutomation-master\Params\Yaml\login3.yml
[INFO 2022-01-27 18:18:59]解析yaml, PathD:\API3\APIAutomation-master\Params\Yaml\login3.yml
[INFO 2022-01-28 10:43:33]解析yaml, PathD:\API3\APIAutomation-master\Params\Yaml\login3.yml
[INFO 2022-01-28 10:43:42]解析yaml, PathD:\API3\APIAutomation-master\Params\Yaml\login3.yml
[INFO 2022-01-28 10:43:53]解析yaml, PathD:\API3\APIAutomation-master\Params\Yaml\login3.yml
[INFO 2022-01-28 10:44:34]解析yaml, PathD:\API3\APIAutomation-master\Params\Yaml\login3.yml
[INFO 2022-01-28 10:45:12]解析yaml, PathD:\API3\APIAutomation-master\Params\Yaml\login3.yml
[INFO 2022-01-28 10:45:34]解析yaml, PathD:\API3\APIAutomation-master\Params\Yaml\login3.yml
[INFO 2022-01-28 10:46:43]解析yaml, PathD:\API3\APIAutomation-master\Params\Yaml\login3.yml
[INFO 2022-01-28 10:46:57]解析yaml, PathD:\API3\APIAutomation-master\Params\Yaml\login3.yml
[INFO 2022-01-28 10:47:34]解析yaml, PathD:\API3\APIAutomation-master\Params\Yaml\login3.yml
[INFO 2022-01-28 10:47:53]解析yaml, PathD:\API3\APIAutomation-master\Params\Yaml\login3.yml
[INFO 2022-01-28 10:48:14]解析yaml, PathD:\API3\APIAutomation-master\Params\Yaml\login3.yml
[INFO 2022-01-28 10:48:40]解析yaml, PathD:\API3\APIAutomation-master\Params\Yaml\login3.yml
[INFO 2022-01-28 10:48:51]解析yaml, PathD:\API3\APIAutomation-master\Params\Yaml\login3.yml
[INFO 2022-01-28 10:49:09]解析yaml, PathD:\API3\APIAutomation-master\Params\Yaml\login3.yml
[INFO 2022-01-28 10:49:50]解析yaml, PathD:\API3\APIAutomation-master\Params\Yaml\login3.yml
[INFO 2022-01-28 10:50:13]解析yaml, PathD:\API3\APIAutomation-master\Params\Yaml\login3.yml
[INFO 2022-01-28 10:55:07]解析yaml, PathD:\API3\APIAutomation-master\Params\Yaml\login3.yml
[INFO 2022-01-28 10:55:31]解析yaml, PathD:\API3\APIAutomation-master\Params\Yaml\login3.yml
[INFO 2022-01-28 11:02:41]解析yaml, PathD:\API3\APIAutomation-master\Params\Yaml\login3.yml
[INFO 2022-01-28 11:04:29]解析yaml, PathD:\API3\APIAutomation-master\Params\Yaml\login3.yml
[INFO 2022-01-28 11:04:47]解析yaml, PathD:\API3\APIAutomation-master\Params\Yaml\login3.yml
[INFO 2022-01-28 11:04:56]解析yaml, PathD:\API3\APIAutomation-master\Params\Yaml\login3.yml
[INFO 2022-01-28 11:08:15]解析yaml, PathD:\API3\APIAutomation-master\Params\Yaml\login3.yml
[INFO 2022-01-28 11:18:55]解析yaml, PathD:\API3\APIAutomation-master\Params\Yaml\bargainOrder.yml
[INFO 2022-01-28 11:19:57]解析yaml, PathD:\API3\APIAutomation-master\Params\Yaml\login3.yml
[INFO 2022-01-28 11:41:23]解析yaml, PathD:\API3\APIAutomation-master\Params\Yaml\fantuanReviews.yml
[INFO 2022-01-28 11:43:37]解析yaml, PathD:\API3\APIAutomation-master\Params\Yaml\fantuanReview.yml
[INFO 2022-01-28 11:44:55]解析yaml, PathD:\API3\APIAutomation-master\Params\Yaml\fantuanReviews.yml
[INFO 2022-01-28 11:45:15]解析yaml, PathD:\API3\APIAutomation-master\Params\Yaml\fantuanReviews.yml
[INFO 2022-01-28 11:53:23]解析yaml, PathD:\API3\APIAutomation-master\Params\Yaml\fantuanReview.yml
[INFO 2022-01-28 11:53:56]解析yaml, PathD:\API3\APIAutomation-master\Params\Yaml\fantuanReview.yml
[INFO 2022-01-28 11:54:56]解析yaml, PathD:\API3\APIAutomation-master\Params\Yaml\fantuanReviews.yml
[INFO 2022-01-28 11:55:02]解析yaml, PathD:\API3\APIAutomation-master\Params\Yaml\fantuanReviews.yml
[INFO 2022-01-28 11:55:48]解析yaml, PathD:\API3\APIAutomation-master\Params\Yaml\fantuanReviews.yml
[INFO 2022-01-28 11:56:25]解析yaml, PathD:\API3\APIAutomation-master\Params\Yaml\fantuanReviews.yml
[INFO 2022-01-28 11:56:36]解析yaml, PathD:\API3\APIAutomation-master\Params\Yaml\fantuanReviews.yml
[INFO 2022-01-28 11:56:48]解析yaml, PathD:\API3\APIAutomation-master\Params\Yaml\fantuanReviews.yml
[INFO 2022-01-28 12:03:02]解析yaml, PathD:\API3\APIAutomation-master\Params\Yaml\fantuanReviews.yml
[INFO 2022-01-28 12:04:06]解析yaml, PathD:\API3\APIAutomation-master\Params\Yaml\fantuanReviews.yml
[INFO 2022-01-28 12:04:59]解析yaml, PathD:\API3\APIAutomation-master\Params\Yaml\fantuanReviews.yml
[INFO 2022-01-28 12:05:14]解析yaml, PathD:\API3\APIAutomation-master\Params\Yaml\fantuanReviews.yml
[INFO 2022-01-28 12:05:46]解析yaml, PathD:\API3\APIAutomation-master\Params\Yaml\fantuanReviews.yml
[INFO 2022-01-28 12:06:12]解析yaml, PathD:\API3\APIAutomation-master\Params\Yaml\fantuanReviews.yml
[INFO 2022-01-28 12:06:52]解析yaml, PathD:\API3\APIAutomation-master\Params\Yaml\fantuanReviews.yml
[INFO 2022-01-28 12:07:38]解析yaml, PathD:\API3\APIAutomation-master\Params\Yaml\fantuanReviews.yml
[INFO 2022-01-28 12:08:17]解析yaml, PathD:\API3\APIAutomation-master\Params\Yaml\fantuanReviews.yml
[INFO 2022-01-28 12:08:27]解析yaml, PathD:\API3\APIAutomation-master\Params\Yaml\fantuanReviews.yml
[INFO 2022-01-28 12:08:50]解析yaml, PathD:\API3\APIAutomation-master\Params\Yaml\fantuanReviews.yml
[INFO 2022-01-28 12:08:55]解析yaml, PathD:\API3\APIAutomation-master\Params\Yaml\fantuanReviews.yml
[INFO 2022-01-28 12:35:15]解析yaml, PathD:\API3\APIAutomation-master\Params\Yaml\fantuanReviews.yml
[INFO 2022-01-28 12:36:50]初始化配置文件, path=D:\API3\APIAutomation-master\Conf\config.ini
[INFO 2022-01-28 12:36:51]解析yaml, PathD:\API3\APIAutomation-master\Params\Yaml\fantuanReviews.yml
[INFO 2022-01-28 12:37:05]解析yaml, PathD:\API3\APIAutomation-master\Params\Yaml\fantuanReviews.yml
[INFO 2022-01-28 12:37:13]解析yaml, PathD:\API3\APIAutomation-master\Params\Yaml\fantuanReviews.yml
[INFO 2022-01-28 12:37:44]解析yaml, PathD:\API3\APIAutomation-master\Params\Yaml\fantuanReviews.yml
[INFO 2022-01-28 12:37:55]解析yaml, PathD:\API3\APIAutomation-master\Params\Yaml\fantuanReviews.yml
[INFO 2022-01-28 12:38:02]解析yaml, PathD:\API3\APIAutomation-master\Params\Yaml\fantuanReviews.yml
[INFO 2022-01-28 12:39:37]解析yaml, PathD:\API3\APIAutomation-master\Params\Yaml\fantuanReviews.yml
[INFO 2022-01-28 12:39:59]解析yaml, PathD:\API3\APIAutomation-master\Params\Yaml\fantuanReviews.yml
[INFO 2022-01-28 12:40:04]解析yaml, PathD:\API3\APIAutomation-master\Params\Yaml\fantuanReviews.yml
[INFO 2022-01-28 12:40:58]初始化配置文件, path=D:\API3\APIAutomation-master\Conf\config.ini
[INFO 2022-01-28 12:40:59]解析yaml, PathD:\API3\APIAutomation-master\Params\Yaml\fantuanReviews.yml
[INFO 2022-01-28 12:41:18]初始化配置文件, path=D:\API3\APIAutomation-master\Conf\config.ini
[INFO 2022-01-28 12:41:19]解析yaml, PathD:\API3\APIAutomation-master\Params\Yaml\fantuanReviews.yml
[INFO 2022-01-28 12:41:26]解析yaml, PathD:\API3\APIAutomation-master\Params\Yaml\fantuanReviews.yml
[INFO 2022-01-28 12:47:01]解析yaml, PathD:\API3\APIAutomation-master\Params\Yaml\fantuanReviews.yml
[INFO 2022-01-28 12:48:36]解析yaml, PathD:\API3\APIAutomation-master\Params\Yaml\fantuanReviews.yml
[INFO 2022-01-28 12:55:46]解析yaml, PathD:\API3\APIAutomation-master\Params\Yaml\fantuanReviews.yml
[INFO 2022-01-28 14:42:02]解析yaml, PathD:\API3\APIAutomation-master\Params\Yaml\fantuanReviews.yml
[INFO 2022-01-28 14:43:32]解析yaml, PathD:\API3\APIAutomation-master\Params\Yaml\fantuanReviews.yml
[INFO 2022-01-28 14:43:55]解析yaml, PathD:\API3\APIAutomation-master\Params\Yaml\fantuanReviews.yml
[INFO 2022-01-28 14:44:19]解析yaml, PathD:\API3\APIAutomation-master\Params\Yaml\fantuanReviews.yml
[INFO 2022-01-28 14:44:53]解析yaml, PathD:\API3\APIAutomation-master\Params\Yaml\fantuanReviews.yml
[INFO 2022-01-28 14:45:18]解析yaml, PathD:\API3\APIAutomation-master\Params\Yaml\fantuanReviews.yml
[INFO 2022-01-28 14:46:52]解析yaml, PathD:\API3\APIAutomation-master\Params\Yaml\fantuanReviews.yml
[INFO 2022-01-28 14:50:08]解析yaml, PathD:\API3\APIAutomation-master\Params\Yaml\fantuanReviews.yml
[INFO 2022-01-28 14:53:43]解析yaml, PathD:\API3\APIAutomation-master\Params\Yaml\fantuanReviews.yml
[INFO 2022-01-28 14:54:18]解析yaml, PathD:\API3\APIAutomation-master\Params\Yaml\fantuanReviews.yml
[INFO 2022-01-28 14:54:45]解析yaml, PathD:\API3\APIAutomation-master\Params\Yaml\fantuanReviews.yml
[INFO 2022-01-28 15:12:36]解析yaml, PathD:\API3\APIAutomation-master\Params\Yaml\fantuanReviews.yml
[INFO 2022-01-28 15:58:32]解析yaml, PathD:\API3\APIAutomation-master\Params\Yaml\fantuanReviews.yml
[INFO 2022-01-28 15:58:59]解析yaml, PathD:\API3\APIAutomation-master\Params\Yaml\fantuanReviews.yml
[INFO 2022-01-28 15:59:56]解析yaml, PathD:\API3\APIAutomation-master\Params\Yaml\fantuanReviews.yml
[INFO 2022-01-28 16:00:22]解析yaml, PathD:\API3\APIAutomation-master\Params\Yaml\fantuanReviews.yml
[INFO 2022-01-28 16:01:09]解析yaml, PathD:\API3\APIAutomation-master\Params\Yaml\fantuanReviews.yml
[INFO 2022-01-28 16:01:23]解析yaml, PathD:\API3\APIAutomation-master\Params\Yaml\fantuanReviews.yml
[INFO 2022-01-28 16:01:42]解析yaml, PathD:\API3\APIAutomation-master\Params\Yaml\fantuanReviews.yml
[INFO 2022-01-28 16:14:33]解析yaml, PathD:\API3\APIAutomation-master\Params\Yaml\fantuanReviews.yml
[INFO 2022-01-28 16:16:58]解析yaml, PathD:\API3\APIAutomation-master\Params\Yaml\fantuanReviews.yml
[INFO 2022-01-28 16:17:09]解析yaml, PathD:\API3\APIAutomation-master\Params\Yaml\fantuanReviews.yml
[ERROR 2022-01-28 16:17:09]statusCode error, expected_code is 2, statusCode is 1 
[INFO 2022-01-28 16:18:55]解析yaml, PathD:\API3\APIAutomation-master\Params\Yaml\fantuanReviews.yml
[INFO 2022-01-28 16:25:09]解析yaml, PathD:\API3\APIAutomation-master\Params\Yaml\fantuanReviews.yml
[INFO 2022-01-28 16:25:20]解析yaml, PathD:\API3\APIAutomation-master\Params\Yaml\fantuanReviews.yml
[ERROR 2022-01-28 16:25:20]Response body != expected_msg, expected_msg is 非待支付订单，无法继续砍价。1, body is 非待支付订单，无法继续砍价。
[INFO 2022-01-28 16:25:38]解析yaml, PathD:\API3\APIAutomation-master\Params\Yaml\fantuanReviews.yml
[INFO 2022-01-28 22:18:00]解析yaml, PathD:\apitest\APIAutomation-master1\Params\Yaml\fantuanReviews.yml
[INFO 2022-01-28 22:18:24]解析yaml, PathD:\apitest\APIAutomation-master1\Params\Yaml\fantuanReviews.yml
[INFO 2022-01-28 22:18:47]解析yaml, PathD:\apitest\APIAutomation-master1\Params\Yaml\fantuanReviews.yml
[INFO 2022-01-28 22:19:40]解析yaml, PathD:\apitest\APIAutomation-master1\Params\Yaml\fantuanReviews.yml
[INFO 2022-01-28 22:22:17]解析yaml, PathD:\apitest\APIAutomation-master1\Params\Yaml\fantuanReviews.yml
[INFO 2022-01-28 22:23:24]解析yaml, PathD:\apitest\APIAutomation-master1\Params\Yaml\fantuanReviews.yml
[INFO 2022-01-28 22:23:34]解析yaml, PathD:\apitest\APIAutomation-master1\Params\Yaml\fantuanReviews.yml
[INFO 2022-01-28 22:24:16]解析yaml, PathD:\apitest\APIAutomation-master1\Params\Yaml\fantuanReviews.yml
[INFO 2022-01-28 22:24:45]解析yaml, PathD:\apitest\APIAutomation-master1\Params\Yaml\fantuanReviews.yml
[INFO 2022-01-28 22:25:43]解析yaml, PathD:\apitest\APIAutomation-master1\Params\Yaml\fantuanReviews.yml
[INFO 2022-01-28 22:25:54]解析yaml, PathD:\apitest\APIAutomation-master1\Params\Yaml\fantuanReviews.yml
[INFO 2022-01-28 22:26:59]解析yaml, PathD:\apitest\APIAutomation-master1\Params\Yaml\fantuanReviews.yml
[INFO 2022-01-28 22:27:13]解析yaml, PathD:\apitest\APIAutomation-master1\Params\Yaml\fantuanReviews.yml
[INFO 2022-01-28 22:27:33]解析yaml, PathD:\apitest\APIAutomation-master1\Params\Yaml\fantuanReviews.yml
[INFO 2022-01-28 22:29:16]解析yaml, PathD:\apitest\APIAutomation-master1\Params\Yaml\fantuanReviews.yml
[INFO 2022-01-28 22:29:41]解析yaml, PathD:\apitest\APIAutomation-master1\Params\Yaml\fantuanReviews.yml
[INFO 2022-01-28 22:30:13]解析yaml, PathD:\apitest\APIAutomation-master1\Params\Yaml\fantuanReviews.yml
[INFO 2022-01-28 22:30:35]解析yaml, PathD:\apitest\APIAutomation-master1\Params\Yaml\fantuanReviews.yml
[INFO 2022-01-28 22:30:49]解析yaml, PathD:\apitest\APIAutomation-master1\Params\Yaml\fantuanReviews.yml
[INFO 2022-01-28 22:31:40]解析yaml, PathD:\apitest\APIAutomation-master1\Params\Yaml\fantuanReviews.yml
[INFO 2022-01-28 22:33:26]解析yaml, PathD:\apitest\APIAutomation-master1\Params\Yaml\fantuanReviews.yml
[INFO 2022-01-28 22:33:36]解析yaml, PathD:\apitest\APIAutomation-master1\Params\Yaml\fantuanReviews.yml
[INFO 2022-01-28 22:33:43]解析yaml, PathD:\apitest\APIAutomation-master1\Params\Yaml\fantuanReviews.yml
[INFO 2022-01-28 22:34:36]解析yaml, PathD:\apitest\APIAutomation-master1\Params\Yaml\fantuanReviews.yml
[INFO 2022-01-28 22:34:58]解析yaml, PathD:\apitest\APIAutomation-master1\Params\Yaml\fantuanReviews.yml
[INFO 2022-01-28 22:35:44]解析yaml, PathD:\apitest\APIAutomation-master1\Params\Yaml\fantuanReviews.yml
[INFO 2022-01-28 22:36:33]解析yaml, PathD:\apitest\APIAutomation-master1\Params\Yaml\fantuanReviews.yml
[INFO 2022-01-28 22:36:54]解析yaml, PathD:\apitest\APIAutomation-master1\Params\Yaml\fantuanReviews.yml
[INFO 2022-01-28 22:37:50]解析yaml, PathD:\apitest\APIAutomation-master1\Params\Yaml\fantuanReviews.yml
[INFO 2022-01-28 22:37:57]解析yaml, PathD:\apitest\APIAutomation-master1\Params\Yaml\fantuanReviews.yml
[INFO 2022-01-28 22:38:35]解析yaml, PathD:\apitest\APIAutomation-master1\Params\Yaml\fantuanReviews.yml
[INFO 2022-01-28 22:38:53]解析yaml, PathD:\apitest\APIAutomation-master1\Params\Yaml\fantuanReviews.yml
[INFO 2022-01-28 22:39:05]解析yaml, PathD:\apitest\APIAutomation-master1\Params\Yaml\fantuanReviews.yml
[INFO 2022-01-28 22:39:18]解析yaml, PathD:\apitest\APIAutomation-master1\Params\Yaml\fantuanReviews.yml
[INFO 2022-01-28 22:39:33]解析yaml, PathD:\apitest\APIAutomation-master1\Params\Yaml\fantuanReviews.yml
[INFO 2022-01-28 22:40:41]解析yaml, PathD:\apitest\APIAutomation-master1\Params\Yaml\fantuanReviews.yml
[INFO 2022-01-28 22:41:05]解析yaml, PathD:\apitest\APIAutomation-master1\Params\Yaml\fantuanReviews.yml
[INFO 2022-01-28 22:42:16]解析yaml, PathD:\apitest\APIAutomation-master1\Params\Yaml\fantuanReviews.yml
[INFO 2022-01-28 22:42:25]解析yaml, PathD:\apitest\APIAutomation-master1\Params\Yaml\fantuanReviews.yml
[INFO 2022-01-28 22:42:35]解析yaml, PathD:\apitest\APIAutomation-master1\Params\Yaml\fantuanReviews.yml
[INFO 2022-01-28 22:42:39]解析yaml, PathD:\apitest\APIAutomation-master1\Params\Yaml\fantuanReviews.yml
[INFO 2022-01-28 22:42:47]解析yaml, PathD:\apitest\APIAutomation-master1\Params\Yaml\fantuanReviews.yml
[INFO 2022-01-28 22:43:06]解析yaml, PathD:\apitest\APIAutomation-master1\Params\Yaml\fantuanReviews.yml
[INFO 2022-01-28 22:43:56]解析yaml, PathD:\apitest\APIAutomation-master1\Params\Yaml\fantuanReviews.yml
[INFO 2022-01-28 22:44:10]解析yaml, PathD:\apitest\APIAutomation-master1\Params\Yaml\fantuanReviews.yml
[INFO 2022-01-29 09:31:51]解析yaml, PathD:\apitest\APIAutomation-master1\Params\Yaml\fantuanReviews.yml
[INFO 2022-01-29 09:32:38]解析yaml, PathD:\apitest\APIAutomation-master1\Params\Yaml\fantuanReviews.yml
[INFO 2022-01-29 09:33:21]解析yaml, PathD:\apitest\APIAutomation-master1\Params\Yaml\fantuanReviews.yml
[INFO 2022-01-29 09:40:50]解析yaml, PathD:\apitest\APIAutomation-master1\Params\Yaml\fantuanReviews.yml
[INFO 2022-01-29 09:42:07]解析yaml, PathD:\apitest\APIAutomation-master1\Params\Yaml\fantuanReviews.yml
[INFO 2022-01-29 09:43:24]解析yaml, PathD:\apitest\APIAutomation-master1\Params\Yaml\fantuanReviews.yml
[INFO 2022-01-29 09:46:38]解析yaml, PathD:\apitest\APIAutomation-master1\Params\Yaml\fantuanReviews.yml
[INFO 2022-01-29 09:46:56]解析yaml, PathD:\apitest\APIAutomation-master1\Params\Yaml\fantuanReviews.yml
[INFO 2022-01-29 09:47:20]解析yaml, PathD:\apitest\APIAutomation-master1\Params\Yaml\fantuanReviews.yml
[INFO 2022-01-29 09:48:37]解析yaml, PathD:\apitest\APIAutomation-master1\Params\Yaml\fantuanReviews.yml
[INFO 2022-01-29 09:49:48]解析yaml, PathD:\apitest\APIAutomation-master1\Params\Yaml\fantuanReviews.yml
[INFO 2022-01-29 09:50:13]解析yaml, PathD:\apitest\APIAutomation-master1\Params\Yaml\fantuanReviews.yml
[INFO 2022-01-29 09:51:38]解析yaml, PathD:\apitest\APIAutomation-master1\Params\Yaml\fantuanReviews.yml
[INFO 2022-01-29 09:52:11]解析yaml, PathD:\apitest\APIAutomation-master1\Params\Yaml\fantuanReviews.yml
[INFO 2022-01-29 09:52:24]解析yaml, PathD:\apitest\APIAutomation-master1\Params\Yaml\fantuanReviews.yml
[INFO 2022-01-29 09:52:51]解析yaml, PathD:\apitest\APIAutomation-master1\Params\Yaml\fantuanReviews.yml
[INFO 2022-01-29 09:53:18]解析yaml, PathD:\apitest\APIAutomation-master1\Params\Yaml\fantuanReviews.yml
[ERROR 2022-01-29 09:53:18]statusCode error, expected_code is "1", statusCode is 1 
[INFO 2022-01-29 09:54:25]解析yaml, PathD:\apitest\APIAutomation-master1\Params\Yaml\fantuanReviews.yml
[INFO 2022-01-29 09:54:48]解析yaml, PathD:\apitest\APIAutomation-master1\Params\Yaml\fantuanReviews.yml
[INFO 2022-01-29 09:55:16]解析yaml, PathD:\apitest\APIAutomation-master1\Params\Yaml\fantuanReviews.yml
[INFO 2022-01-29 09:55:49]解析yaml, PathD:\apitest\APIAutomation-master1\Params\Yaml\fantuanReviews.yml
[INFO 2022-01-29 10:00:40]初始化配置文件, path=D:\apitest\APIAutomation-master1\Conf\config.ini
[INFO 2022-01-29 10:00:40]解析yaml, PathD:\apitest\APIAutomation-master1\Params\Yaml\fantuanReviews.yml
[INFO 2022-01-29 10:00:40]解析yaml, PathD:\apitest\APIAutomation-master1\Params\Yaml\fantuanReviews.yml
[INFO 2022-01-29 10:05:21]执行用例集为：--allure_features=singleApi
[INFO 2022-01-29 20:04:24]初始化配置文件, path=D:\apitest\APIAutomation-master1\Conf\config.ini
[INFO 2022-01-29 20:04:24]执行用例集为：--allure_features=createOrder
[INFO 2022-01-29 20:07:18]初始化配置文件, path=D:\apitest\APIAutomation-master1\Conf\config.ini
[INFO 2022-01-29 20:07:34]初始化配置文件, path=D:\apitest\APIAutomation-master1\Conf\config.ini
[INFO 2022-01-29 20:09:30]初始化配置文件, path=D:\apitest\APIAutomation-master1\Conf\config.ini
[INFO 2022-01-29 20:09:30]解析yaml, PathD:\apitest\APIAutomation-master1\Params\Yaml\fantuanReviews.yml
[INFO 2022-01-29 20:09:31]解析yaml, PathD:\apitest\APIAutomation-master1\Params\Yaml\fantuanReviews.yml
[INFO 2022-01-30 11:03:41]初始化配置文件, path=D:\apitest\APIAutomation-master1\Conf\config.ini
[INFO 2022-01-30 11:03:41]解析yaml, PathD:\apitest\APIAutomation-master1\Params\Yaml\fantuanReviews.yml
[INFO 2022-01-30 11:03:42]解析yaml, PathD:\apitest\APIAutomation-master1\Params\Yaml\fantuanReviews.yml
[ERROR 2022-01-30 11:03:42]statusCode error, expected_code is 11.0, statusCode is 1 
[INFO 2022-01-30 15:54:35]解析yaml, PathD:\apitest\APIAutomation-master1\Params\Yaml\fantuanReviews.yml
[INFO 2022-01-30 16:04:55]解析yaml, PathD:\apitest\APIAutomation-master1\Params\Yaml\fantuanReviews.yml
[INFO 2022-01-30 17:14:43]解析yaml, PathD:\apitest\APIAutomation-master1\Params\Yaml\fantuanReviews.yml
[INFO 2022-01-30 17:15:41]解析yaml, PathD:\apitest\APIAutomation-master1\Params\Yaml\fantuanReviews.yml
[INFO 2022-01-30 17:16:57]解析yaml, PathD:\apitest\APIAutomation-master1\Params\Yaml\fantuanReviews.yml
[INFO 2022-01-30 17:17:22]解析yaml, PathD:\apitest\APIAutomation-master1\Params\Yaml\fantuanReviews.yml
[INFO 2022-01-30 17:17:39]解析yaml, PathD:\apitest\APIAutomation-master1\Params\Yaml\fantuanReviews.yml
[INFO 2022-01-30 17:19:48]解析yaml, PathD:\apitest\APIAutomation-master1\Params\Yaml\fantuanReviews.yml
[INFO 2022-01-30 17:21:47]解析yaml, PathD:\apitest\APIAutomation-master1\Params\Yaml\fantuanReviews.yml
[INFO 2022-01-30 17:26:10]解析yaml, PathD:\apitest\APIAutomation-master1\Params\Yaml\fantuanReviews.yml
[ERROR 2022-01-30 17:26:11]statusCode error, expected_code is 11.0, statusCode is 1 
[INFO 2022-01-30 17:26:44]解析yaml, PathD:\apitest\APIAutomation-master1\Params\Yaml\fantuanReviews.yml
[INFO 2022-01-30 17:27:05]解析yaml, PathD:\apitest\APIAutomation-master1\Params\Yaml\fantuanReviews.yml
[INFO 2022-01-31 09:55:54]解析yaml, PathD:\goodtest\APIAutomation-master1\Params\Yaml\fantuanReviews.yml
[INFO 2022-01-31 09:56:46]解析yaml, PathD:\goodtest\APIAutomation-master1\Params\Yaml\fantuanReviews.yml
[INFO 2022-01-31 09:57:02]解析yaml, PathD:\goodtest\APIAutomation-master1\Params\Yaml\fantuanReviews.yml
[INFO 2022-01-31 09:57:58]初始化配置文件, path=D:\goodtest\APIAutomation-master1\Conf\config.ini
[INFO 2022-01-31 09:57:59]解析yaml, PathD:\goodtest\APIAutomation-master1\Params\Yaml\fantuanReviews.yml
[INFO 2022-01-31 09:58:00]解析yaml, PathD:\goodtest\APIAutomation-master1\Params\Yaml\fantuanReviews.yml
[INFO 2022-01-31 09:59:49]解析yaml, PathD:\goodtest\APIAutomation-master1\Params\Yaml\fantuanReviews.yml
[INFO 2022-01-31 09:59:56]解析yaml, PathD:\goodtest\APIAutomation-master1\Params\Yaml\fantuanReviews.yml
[INFO 2022-01-31 10:00:01]解析yaml, PathD:\goodtest\APIAutomation-master1\Params\Yaml\fantuanReviews.yml
[INFO 2022-01-31 10:00:21]解析yaml, PathD:\goodtest\APIAutomation-master1\Params\Yaml\fantuanReviews.yml
[INFO 2022-01-31 10:00:38]解析yaml, PathD:\goodtest\APIAutomation-master1\Params\Yaml\fantuanReviews.yml
[INFO 2022-01-31 10:06:37]解析yaml, PathD:\goodtest\APIAutomation-master1\Params\Yaml\fantuanReviews.yml
[INFO 2022-01-31 10:06:54]解析yaml, PathD:\goodtest\APIAutomation-master1\Params\Yaml\fantuanReviews.yml
[INFO 2022-01-31 10:07:44]解析yaml, PathD:\goodtest\APIAutomation-master1\Params\Yaml\fantuanReviews.yml
[INFO 2022-01-31 10:16:13]解析yaml, PathD:\goodtest\APIAutomation-master1\Params\Yaml\fantuanReviews.yml
[INFO 2022-01-31 10:28:25]解析yaml, PathD:\goodtest\APIAutomation-master1\Params\Yaml\fantuanReviews.yml
[INFO 2022-01-31 10:28:56]解析yaml, PathD:\goodtest\APIAutomation-master1\Params\Yaml\fantuanReviews.yml
[INFO 2022-01-31 11:09:34]初始化配置文件, path=D:\goodtest\APIAutomation-master1\Conf\config.ini
[INFO 2022-01-31 11:11:56]初始化配置文件, path=D:\goodtest\APIAutomation-master1\Conf\config.ini
[INFO 2022-01-31 11:11:57]解析yaml, PathD:\goodtest\APIAutomation-master1\Params\Yaml\fantuanReviews.yml
[INFO 2022-01-31 11:11:57]解析yaml, PathD:\goodtest\APIAutomation-master1\Params\Yaml\fantuanReviews.yml
[INFO 2022-01-31 11:15:58]初始化配置文件, path=D:\goodtest\APIAutomation-master1\Conf\config.ini
[INFO 2022-01-31 11:15:59]解析yaml, PathD:\goodtest\APIAutomation-master1\Params\Yaml\fantuanReviews.yml
[INFO 2022-01-31 11:15:59]解析yaml, PathD:\goodtest\APIAutomation-master1\Params\Yaml\fantuanReviews.yml
[INFO 2022-01-31 11:19:00]初始化配置文件, path=D:\goodtest\APIAutomation-master1\Conf\config.ini
[INFO 2022-01-31 11:19:01]解析yaml, PathD:\goodtest\APIAutomation-master1\Params\Yaml\fantuanReviews.yml
[INFO 2022-01-31 11:19:01]解析yaml, PathD:\goodtest\APIAutomation-master1\Params\Yaml\fantuanReviews.yml
[INFO 2022-01-31 11:27:21]初始化配置文件, path=D:\goodtest\APIAutomation-master1\Conf\config.ini
[INFO 2022-01-31 11:27:46]初始化配置文件, path=D:\goodtest\APIAutomation-master1\Conf\config.ini
[INFO 2022-01-31 11:27:47]解析yaml, PathD:\goodtest\APIAutomation-master1\Params\Yaml\fantuanReviews.yml
[INFO 2022-01-31 11:27:47]解析yaml, PathD:\goodtest\APIAutomation-master1\Params\Yaml\fantuanReviews.yml
[INFO 2022-01-31 11:40:44]初始化配置文件, path=D:\goodtest\APIAutomation-master1\Conf\config.ini
[INFO 2022-01-31 11:40:44]解析yaml, PathD:\goodtest\APIAutomation-master1\Params\Yaml\fantuanReviews.yml
[INFO 2022-01-31 11:40:44]解析yaml, PathD:\goodtest\APIAutomation-master1\Params\Yaml\fantuanReviews.yml
[INFO 2022-01-31 11:43:23]初始化配置文件, path=D:\goodtest\APIAutomation-master1\Conf\config.ini
[INFO 2022-01-31 11:43:24]解析yaml, PathD:\goodtest\APIAutomation-master1\Params\Yaml\fantuanReviews.yml
[INFO 2022-01-31 11:43:24]解析yaml, PathD:\goodtest\APIAutomation-master1\Params\Yaml\fantuanReviews.yml
[INFO 2022-01-31 11:44:25]初始化配置文件, path=D:\goodtest\APIAutomation-master1\Conf\config.ini
[INFO 2022-01-31 11:44:26]解析yaml, PathD:\goodtest\APIAutomation-master1\Params\Yaml\fantuanReviews.yml
[INFO 2022-01-31 11:44:26]解析yaml, PathD:\goodtest\APIAutomation-master1\Params\Yaml\fantuanReviews.yml
[ERROR 2022-01-31 11:44:27]statusCode error, expected_code is 11.0, statusCode is 1 
[INFO 2022-01-31 11:45:40]初始化配置文件, path=D:\goodtest\APIAutomation-master1\Conf\config.ini
[INFO 2022-01-31 11:45:41]解析yaml, PathD:\goodtest\APIAutomation-master1\Params\Yaml\fantuanReviews.yml
[INFO 2022-01-31 11:45:41]解析yaml, PathD:\goodtest\APIAutomation-master1\Params\Yaml\fantuanReviews.yml
[INFO 2022-01-31 11:49:43]初始化配置文件, path=D:\goodtest\FT_APIAutomation\Conf\config.ini
[INFO 2022-01-31 11:49:44]解析yaml, PathD:\goodtest\FT_APIAutomation\Params\Yaml\fantuanReviews.yml
[INFO 2022-01-31 11:49:45]解析yaml, PathD:\goodtest\FT_APIAutomation\Params\Yaml\fantuanReviews.yml
